SF:/Users/admin/Documents/projects/flutterdata/flutter_data/lib/src/repository/hive_local_adapter.dart
DA:7,11
DA:9,22
DA:10,11
DA:16,33
DA:18,11
DA:20,33
DA:23,11
DA:25,11
DA:26,22
DA:28,22
DA:29,22
DA:30,0
DA:35,33
DA:36,0
DA:38,44
DA:40,0
DA:46,11
DA:47,11
DA:49,10
DA:51,20
DA:56,5
DA:58,15
DA:59,9
DA:65,11
DA:68,22
DA:71,11
DA:73,11
DA:75,11
DA:77,22
DA:78,22
DA:80,22
DA:81,11
DA:88,22
DA:89,22
DA:90,55
DA:91,11
DA:99,5
DA:101,5
DA:102,10
DA:104,10
DA:108,2
DA:110,2
DA:111,4
DA:112,8
DA:123,4
DA:125,8
DA:128,11
DA:130,22
DA:136,11
DA:142,33
DA:145,11
DA:146,11
DA:156,44
DA:158,1
DA:160,3
DA:164,11
DA:166,55
DA:168,22
DA:172,66
DA:173,33
DA:178,0
DA:181,0
DA:182,0
DA:183,0
DA:186,0
DA:191,0
DA:196,0
DA:198,0
DA:200,0
DA:201,0
DA:202,0
DA:203,0
DA:204,0
LF:73
LH:57
end_of_record
SF:/Users/admin/Documents/projects/flutterdata/flutter_data/lib/src/model/relationship/has_many.dart
DA:26,22
DA:28,16
DA:30,2
DA:33,8
DA:34,16
DA:35,8
DA:41,4
DA:42,4
DA:45,1
DA:46,1
DA:50,3
DA:51,3
DA:55,20
DA:58,4
DA:62,15
DA:64,12
DA:66,15
DA:68,9
DA:70,6
DA:72,3
DA:74,3
DA:76,3
DA:82,2
DA:83,1
DA:84,1
DA:85,2
DA:87,3
DA:88,2
DA:90,2
DA:91,1
DA:96,2
DA:97,4
DA:104,12
LF:33
LH:33
end_of_record
SF:/Users/admin/Documents/projects/flutterdata/flutter_data/lib/src/model/relationship/relationship.dart
DA:6,11
DA:7,47
DA:9,11
DA:11,3
DA:17,11
DA:18,44
DA:19,44
DA:22,22
DA:24,22
DA:28,11
DA:32,11
DA:34,22
DA:35,11
DA:36,11
DA:39,11
DA:43,30
DA:44,20
DA:47,30
DA:49,20
DA:50,10
DA:51,10
DA:52,10
DA:53,10
DA:56,20
DA:63,5
DA:64,5
DA:68,20
DA:69,10
DA:71,8
DA:72,12
DA:73,4
DA:81,5
DA:82,10
DA:85,4
DA:86,8
DA:89,8
DA:90,4
DA:91,4
DA:92,4
DA:93,4
DA:97,6
DA:98,9
DA:99,3
DA:108,9
DA:109,63
DA:112,11
DA:113,11
DA:114,55
DA:117,4
DA:118,25
DA:121,2
DA:122,8
DA:123,4
DA:124,6
DA:125,6
DA:132,8
DA:135,6
DA:137,5
DA:138,20
DA:140,4
DA:143,23
DA:144,16
DA:153,34
LF:63
LH:63
end_of_record
SF:/Users/admin/Documents/projects/flutterdata/flutter_data/lib/src/repository/repository.dart
DA:6,11
DA:10,22
DA:15,11
DA:16,33
DA:19,1
DA:20,2
DA:24,11
DA:27,11
DA:28,22
DA:29,22
DA:32,11
DA:34,11
DA:40,11
DA:41,31
DA:44,10
DA:46,10
DA:47,20
DA:48,10
DA:69,2
DA:79,4
DA:101,4
DA:111,8
DA:133,4
DA:142,8
DA:163,1
DA:172,2
DA:187,6
DA:192,1
DA:193,2
DA:206,1
DA:214,1
DA:222,3
DA:236,1
DA:245,1
DA:254,3
DA:259,2
DA:268,4
DA:269,4
DA:270,2
DA:281,2
DA:282,4
DA:283,2
DA:284,4
DA:285,2
DA:286,2
DA:287,2
DA:288,2
DA:289,2
DA:290,2
DA:294,2
DA:304,4
DA:306,4
DA:308,2
DA:309,1
DA:310,1
DA:312,4
DA:313,2
DA:326,2
DA:327,6
DA:328,4
DA:329,2
DA:330,2
DA:331,2
DA:332,2
DA:333,2
DA:334,2
DA:335,2
DA:341,2
DA:348,2
DA:356,8
DA:359,2
DA:366,8
DA:374,2
DA:378,1
DA:379,2
DA:383,1
DA:384,1
DA:388,1
DA:389,2
DA:392,0
DA:393,11
DA:394,22
DA:423,71
LF:83
LH:82
end_of_record
SF:/Users/admin/Documents/projects/flutterdata/flutter_data/lib/src/utils/framework.dart
DA:6,36
DA:8,36
DA:10,12
DA:11,12
DA:12,1
DA:14,24
DA:17,12
DA:18,24
DA:19,24
DA:23,36
DA:25,10
DA:26,30
DA:29,12
DA:31,5
DA:33,12
DA:35,48
DA:40,4
DA:41,1
DA:43,2
DA:57,11
DA:63,12
DA:127,11
DA:137,1
DA:139,1
DA:140,1
DA:145,1
DA:146,1
DA:147,1
DA:148,1
DA:149,1
DA:150,1
DA:153,1
DA:154,2
DA:159,1
DA:160,6
DA:169,4
DA:191,4
DA:192,4
DA:193,4
DA:194,4
DA:195,4
DA:196,4
DA:197,4
DA:198,4
DA:199,4
DA:200,4
DA:208,24
DA:239,3
DA:240,8
DA:242,10
DA:249,10
DA:250,30
DA:251,10
DA:252,30
DA:255,4
DA:257,30
DA:260,12
DA:264,2
DA:265,2
DA:266,4
DA:267,4
DA:268,4
DA:269,2
DA:270,2
DA:271,6
DA:273,2
DA:276,6
DA:278,42
DA:281,1
DA:282,5
DA:290,6
DA:295,33
LF:72
LH:72
end_of_record
SF:/Users/admin/Documents/projects/flutterdata/flutter_data/lib/src/utils/offline.dart
DA:17,1
DA:28,4
DA:33,12
DA:35,1
DA:36,1
DA:37,1
DA:38,1
DA:39,1
DA:40,1
DA:41,1
DA:45,1
DA:50,1
DA:52,1
DA:53,1
DA:54,1
DA:55,1
DA:57,3
DA:61,1
DA:62,3
DA:64,2
DA:70,1
DA:71,4
DA:74,1
DA:76,7
DA:81,1
DA:83,3
DA:84,2
DA:85,2
DA:87,4
DA:88,3
DA:91,6
DA:92,2
DA:93,3
DA:94,4
DA:97,2
DA:98,2
DA:104,6
DA:105,6
DA:106,12
DA:107,2
DA:108,2
DA:109,4
DA:113,1
DA:114,2
DA:116,5
DA:117,0
DA:118,0
DA:121,2
DA:122,2
DA:123,1
DA:124,1
DA:125,1
DA:126,1
DA:127,1
DA:128,1
DA:129,1
DA:134,3
DA:136,1
DA:137,5
DA:139,0
DA:145,1
DA:146,1
DA:147,4
DA:152,1
DA:153,1
DA:156,2
DA:158,2
DA:159,2
DA:160,3
DA:161,2
DA:164,4
DA:168,1
DA:169,7
DA:174,2
DA:175,3
DA:177,0
DA:178,0
DA:179,0
DA:180,0
DA:181,0
DA:182,0
DA:185,0
DA:191,0
DA:192,0
DA:194,0
DA:196,0
DA:200,0
DA:201,0
DA:204,0
DA:206,0
DA:208,0
DA:211,0
DA:212,0
DA:213,0
DA:214,0
DA:219,0
DA:220,0
LF:97
LH:72
end_of_record
SF:/Users/admin/Documents/projects/flutterdata/flutter_data/lib/src/repository/remote_adapter.dart
DA:35,11
DA:44,11
DA:46,22
DA:56,4
DA:58,4
DA:61,7
DA:62,7
DA:65,11
DA:68,11
DA:74,12
DA:90,6
DA:94,4
DA:95,4
DA:98,4
DA:103,4
DA:104,8
DA:107,4
DA:112,6
DA:114,14
DA:118,6
DA:123,3
DA:124,6
DA:127,3
DA:144,9
DA:145,9
DA:162,9
DA:164,9
DA:168,11
DA:171,22
DA:174,11
DA:180,11
DA:183,11
DA:184,11
DA:185,11
DA:187,22
DA:190,11
DA:195,11
DA:196,22
DA:198,10
DA:200,20
DA:222,4
DA:233,6
DA:244,4
DA:254,1
DA:257,8
DA:258,8
DA:260,8
DA:264,4
DA:265,11
DA:267,3
DA:268,6
DA:275,4
DA:276,20
DA:277,4
DA:280,4
DA:282,4
DA:284,8
DA:285,4
DA:287,3
DA:288,2
DA:289,3
DA:295,3
DA:298,3
DA:302,6
DA:312,3
DA:314,12
DA:315,12
DA:317,6
DA:320,6
DA:321,12
DA:323,6
DA:324,18
DA:325,6
DA:326,12
DA:328,6
DA:329,6
DA:336,4
DA:337,20
DA:338,4
DA:341,4
DA:342,8
DA:343,4
DA:345,3
DA:346,4
DA:347,3
DA:353,3
DA:360,9
DA:369,9
DA:371,18
DA:372,18
DA:375,27
DA:377,9
DA:378,9
DA:379,18
DA:383,9
DA:384,7
DA:388,6
DA:389,6
DA:391,36
DA:392,12
DA:394,6
DA:400,5
DA:401,10
DA:402,5
DA:404,2
DA:405,2
DA:406,2
DA:412,10
DA:413,30
DA:417,5
DA:426,3
DA:428,10
DA:429,10
DA:431,5
DA:432,5
DA:434,5
DA:435,10
DA:437,5
DA:438,3
DA:440,10
DA:442,5
DA:443,3
DA:444,15
DA:445,3
DA:448,3
DA:449,6
DA:450,3
DA:452,1
DA:453,0
DA:454,1
DA:461,1
DA:462,3
DA:465,6
DA:473,0
DA:475,0
DA:505,6
DA:518,2
DA:520,8
DA:522,6
DA:523,1
DA:524,3
DA:531,24
DA:533,6
DA:534,20
DA:537,18
DA:538,12
DA:541,6
DA:542,6
DA:543,0
DA:544,0
DA:545,0
DA:546,0
DA:548,0
DA:552,6
DA:553,6
DA:558,6
DA:564,12
DA:565,10
DA:567,2
DA:571,6
DA:573,12
DA:574,6
DA:575,6
DA:576,6
DA:578,3
DA:582,2
DA:583,1
DA:584,2
DA:586,2
DA:587,1
DA:592,1
DA:596,2
DA:601,2
DA:604,2
DA:605,2
DA:606,1
DA:607,2
DA:608,1
DA:609,2
DA:617,2
DA:619,2
DA:621,9
DA:622,4
DA:623,0
DA:625,2
DA:629,6
DA:631,6
DA:633,6
DA:635,12
DA:636,5
DA:641,4
DA:646,2
DA:647,6
DA:649,2
DA:650,2
DA:655,10
DA:656,3
DA:660,5
DA:662,10
DA:663,10
DA:664,10
DA:666,2
DA:667,15
DA:668,12
DA:670,4
DA:672,4
DA:675,2
DA:676,16
DA:677,16
DA:679,4
DA:681,4
DA:694,3
DA:698,9
DA:704,10
DA:705,20
DA:706,1
DA:708,7
DA:709,5
DA:714,11
DA:720,3
DA:723,3
DA:732,6
DA:733,6
DA:736,1
DA:740,2
DA:741,1
DA:742,2
DA:745,3
DA:746,3
DA:748,3
DA:749,1
DA:754,0
DA:755,0
DA:758,1
DA:759,1
DA:762,6
DA:763,9
DA:766,6
DA:770,6
DA:771,5
DA:773,9
DA:774,3
DA:778,6
DA:779,18
DA:786,33
LF:245
LH:234
end_of_record
SF:/Users/admin/.pub-cache/hosted/pub.dartlang.org/equatable-2.0.5/lib/src/equatable_mixin.dart
DA:16,0
DA:18,18
DA:21,15
DA:22,39
DA:23,39
DA:26,11
DA:27,55
DA:29,0
DA:31,0
DA:32,0
DA:33,0
DA:34,0
DA:35,0
DA:37,0
DA:38,0
DA:39,0
LF:16
LH:6
end_of_record
SF:/Users/admin/Documents/projects/flutterdata/flutter_data/lib/src/graph/graph_notifier.dart
DA:19,11
DA:22,44
DA:29,11
DA:30,11
DA:31,22
DA:32,33
DA:33,0
DA:35,33
DA:40,10
DA:42,10
DA:43,20
DA:44,10
DA:48,1
DA:49,2
DA:52,11
DA:53,21
DA:64,11
DA:65,11
DA:67,11
DA:69,33
DA:71,11
DA:72,11
DA:73,11
DA:74,11
DA:83,11
DA:84,11
DA:85,11
DA:87,11
DA:93,11
DA:100,12
DA:103,6
DA:104,6
DA:105,6
DA:108,18
DA:109,18
DA:110,4
DA:114,4
DA:115,16
DA:120,1
DA:121,1
DA:122,4
DA:123,1
DA:128,1
DA:134,1
DA:135,1
DA:136,1
DA:140,1
DA:141,2
DA:142,1
DA:144,1
DA:148,2
DA:150,2
DA:156,1
DA:157,1
DA:161,1
DA:162,1
DA:163,1
DA:169,1
DA:175,1
DA:176,2
DA:177,1
DA:179,1
DA:181,1
DA:183,1
DA:193,1
DA:194,1
DA:195,1
DA:196,1
DA:205,1
DA:210,1
DA:211,1
DA:212,1
DA:214,1
DA:216,1
DA:224,1
DA:229,1
DA:230,1
DA:231,0
DA:233,1
DA:235,0
DA:237,1
DA:247,1
DA:249,1
DA:250,1
DA:251,1
DA:253,1
DA:255,1
DA:262,1
DA:263,1
DA:264,1
DA:265,1
DA:269,11
DA:272,77
DA:273,12
DA:274,2
DA:281,22
DA:283,11
DA:285,11
DA:289,11
DA:291,11
DA:292,33
DA:295,11
DA:296,22
DA:299,11
DA:300,11
DA:302,22
DA:304,1
DA:307,6
DA:308,6
DA:309,10
DA:314,1
DA:315,2
DA:316,1
DA:320,11
DA:321,11
DA:322,33
DA:324,6
DA:329,8
DA:330,8
DA:337,14
DA:338,6
DA:341,18
DA:342,12
DA:347,16
DA:350,18
DA:354,11
DA:359,11
DA:360,11
DA:367,11
DA:373,11
DA:375,11
DA:380,44
DA:382,22
DA:385,4
DA:386,4
DA:393,22
DA:395,11
DA:398,44
DA:400,22
DA:405,9
DA:407,9
DA:408,9
DA:414,11
DA:419,11
DA:421,11
DA:423,9
DA:425,27
DA:426,18
DA:427,8
DA:430,18
DA:435,11
DA:436,8
DA:439,22
DA:443,12
DA:444,12
DA:451,20
DA:452,10
DA:455,7
DA:456,14
DA:457,14
DA:458,7
DA:461,14
DA:463,10
DA:464,5
DA:470,11
DA:472,11
DA:473,22
DA:479,8
DA:480,8
DA:485,22
DA:486,0
DA:489,12
DA:493,44
DA:508,6
DA:512,3
DA:513,8
DA:517,4
DA:521,11
DA:530,1
DA:532,4
DA:537,4
DA:540,22
DA:541,33
LF:183
LH:179
end_of_record
SF:/Users/admin/Documents/projects/flutterdata/flutter_data/lib/src/repository/local_adapter.dart
DA:9,11
DA:10,22
DA:17,22
DA:48,11
DA:51,11
DA:52,55
DA:53,11
DA:54,11
DA:55,11
DA:60,11
DA:61,22
DA:62,22
DA:63,22
DA:64,11
DA:66,11
DA:67,11
DA:82,8
DA:84,24
DA:85,8
DA:87,24
DA:88,1
DA:90,16
DA:91,24
DA:92,16
DA:93,24
DA:96,16
DA:98,2
DA:104,8
DA:106,8
DA:107,24
DA:108,8
DA:109,16
DA:110,8
DA:111,16
DA:112,24
DA:113,16
DA:114,8
LF:37
LH:37
end_of_record
SF:/Users/admin/Documents/projects/flutterdata/flutter_data/lib/src/utils/data_state.dart
DA:9,6
DA:16,2
DA:18,2
DA:20,2
DA:22,2
DA:23,2
DA:24,2
DA:25,4
DA:26,4
DA:30,4
DA:31,16
DA:33,0
DA:42,5
DA:44,2
DA:45,8
DA:47,2
DA:49,10
DA:54,6
DA:58,6
DA:64,6
DA:66,6
DA:72,12
DA:73,10
DA:74,8
DA:76,16
DA:78,16
DA:82,3
DA:83,6
DA:86,6
DA:92,6
DA:93,6
DA:95,6
DA:96,6
DA:97,11
DA:101,1
DA:103,1
DA:104,1
DA:110,14
DA:119,1
DA:120,3
DA:122,1
DA:123,4
DA:124,1
DA:127,1
DA:128,3
DA:129,1
DA:130,3
DA:132,0
DA:135,2
DA:136,1
DA:137,1
DA:138,1
DA:144,1
DA:145,4
DA:146,1
DA:149,1
DA:150,3
DA:151,1
DA:152,2
DA:154,0
DA:157,2
DA:158,1
DA:159,1
DA:160,1
DA:166,2
DA:168,1
DA:174,1
DA:175,1
DA:176,1
DA:177,2
DA:181,0
DA:183,0
DA:184,0
DA:186,0
DA:187,0
DA:195,1
DA:196,2
DA:200,1
DA:201,2
DA:208,1
DA:209,2
DA:213,1
DA:214,2
LF:83
LH:75
end_of_record
SF:/Users/admin/Documents/projects/flutterdata/flutter_data/lib/src/repository/remote_adapter_serialization.dart
DA:4,7
DA:8,14
DA:11,28
DA:12,14
DA:13,14
DA:14,15
DA:15,7
DA:16,7
DA:17,7
DA:18,10
DA:20,14
DA:25,7
DA:27,21
DA:29,4
DA:30,4
DA:31,3
DA:32,3
DA:33,6
DA:34,6
DA:35,6
DA:38,12
DA:39,8
DA:44,7
DA:49,14
DA:51,7
DA:52,7
DA:55,7
DA:56,14
DA:57,7
DA:58,7
DA:60,14
DA:64,14
DA:65,7
DA:68,5
DA:70,10
DA:74,10
DA:75,2
DA:76,6
DA:77,2
DA:80,10
DA:81,8
DA:82,8
DA:83,12
DA:84,4
DA:88,14
DA:92,14
DA:93,14
DA:103,7
DA:106,21
DA:108,5
DA:109,20
DA:110,16
DA:111,7
DA:112,4
DA:113,10
LF:55
LH:55
end_of_record
SF:/Users/admin/Documents/projects/flutterdata/flutter_data/lib/src/model/data_model.dart
DA:11,11
DA:12,33
DA:14,33
DA:16,22
DA:22,22
DA:23,11
DA:26,11
DA:27,44
DA:34,14
DA:37,11
DA:39,11
DA:41,44
DA:42,66
DA:47,4
DA:50,4
DA:52,12
DA:56,4
DA:57,12
DA:58,8
DA:60,12
DA:61,0
DA:62,0
DA:65,4
DA:66,6
DA:67,9
DA:68,15
DA:69,3
DA:91,4
DA:92,4
DA:98,7
DA:105,14
DA:106,7
DA:116,3
DA:123,6
DA:135,1
DA:142,2
DA:155,40
DA:158,4
DA:161,5
LF:39
LH:37
end_of_record
SF:/Users/admin/Documents/projects/flutterdata/flutter_data/lib/src/repository/remote_adapter_watch.dart
DA:4,2
DA:13,0
DA:16,6
DA:17,4
DA:21,4
DA:23,2
DA:26,2
DA:27,4
DA:30,2
DA:31,4
DA:34,4
DA:35,2
DA:40,2
DA:43,2
DA:49,2
DA:51,2
DA:52,1
DA:57,2
DA:58,2
DA:65,8
DA:70,2
DA:72,6
DA:73,6
DA:75,2
DA:77,4
DA:78,2
DA:82,4
DA:84,4
DA:85,8
DA:86,4
DA:87,2
DA:88,4
DA:91,6
DA:92,4
DA:93,8
DA:94,2
DA:95,2
DA:96,4
DA:98,4
DA:99,4
DA:100,4
DA:104,4
DA:105,4
DA:106,1
DA:107,3
DA:111,2
DA:114,4
DA:115,2
DA:116,2
DA:121,2
DA:131,4
DA:133,0
DA:134,7
DA:135,4
DA:140,6
DA:145,2
DA:146,4
DA:150,2
DA:151,1
DA:156,1
DA:157,4
DA:158,1
DA:159,2
DA:168,2
DA:169,4
DA:173,2
DA:174,1
DA:175,3
DA:177,2
DA:178,6
DA:180,4
DA:181,2
DA:184,1
DA:187,2
DA:193,1
DA:195,1
DA:196,1
DA:201,1
DA:202,1
DA:208,2
DA:210,4
DA:216,2
DA:219,4
DA:221,6
DA:222,6
DA:224,2
DA:227,4
DA:228,2
DA:234,2
DA:236,2
DA:238,4
DA:239,4
DA:241,4
DA:242,4
DA:243,2
DA:245,2
DA:249,4
DA:250,4
DA:251,6
DA:252,6
DA:253,4
DA:255,4
DA:256,4
DA:257,4
DA:264,4
DA:265,3
DA:266,2
DA:271,2
DA:272,4
DA:274,3
DA:275,2
DA:277,2
DA:278,2
DA:279,2
DA:284,4
DA:286,3
DA:287,6
DA:288,2
DA:291,4
DA:293,6
DA:294,2
DA:297,6
DA:299,3
DA:300,2
DA:302,2
DA:303,2
DA:304,2
DA:309,2
DA:312,4
DA:313,2
DA:314,2
DA:320,3
DA:323,6
DA:324,1
DA:326,3
DA:329,3
DA:330,3
DA:331,3
DA:332,3
DA:333,3
DA:338,1
DA:341,2
DA:346,3
DA:348,1
DA:349,2
DA:350,2
DA:351,1
DA:356,6
DA:357,6
LF:149
LH:147
end_of_record
SF:/Users/admin/Documents/projects/flutterdata/flutter_data/lib/src/model/relationship/belongs_to.dart
DA:26,31
DA:28,16
DA:30,4
DA:33,8
DA:34,16
DA:35,8
DA:39,28
DA:44,4
DA:45,4
DA:46,4
DA:47,4
DA:50,4
DA:53,3
DA:63,6
DA:64,12
DA:65,3
DA:69,12
DA:73,30
DA:76,3
DA:80,1
DA:81,1
DA:82,1
DA:83,1
DA:84,2
DA:86,3
DA:87,1
DA:90,2
DA:92,1
DA:93,1
DA:95,2
DA:96,1
DA:101,3
DA:103,6
DA:112,18
LF:34
LH:34
end_of_record
SF:/Users/admin/Documents/projects/flutterdata/flutter_data/lib/src/utils/extensions.dart
DA:4,12
DA:6,21
DA:8,3
DA:10,6
DA:12,5
DA:14,5
DA:18,5
DA:19,20
DA:20,5
DA:22,10
DA:23,4
DA:24,1
DA:25,5
DA:30,12
DA:32,36
DA:36,0
DA:40,1
DA:41,5
DA:43,12
DA:44,60
DA:46,24
DA:48,2
DA:50,14
DA:52,11
DA:53,22
DA:54,11
DA:57,12
DA:58,24
DA:59,12
DA:62,12
DA:65,18
DA:67,0
DA:69,11
DA:71,33
DA:74,6
DA:76,18
DA:81,11
DA:83,16
DA:85,1
DA:87,1
DA:88,1
DA:89,4
DA:94,7
DA:95,35
DA:98,14
DA:99,5
DA:100,15
DA:104,5
DA:105,20
DA:106,10
DA:107,3
DA:108,6
DA:111,20
LF:53
LH:51
end_of_record
SF:/Users/admin/Documents/projects/flutterdata/flutter_data/lib/src/graph/notifier_extension.dart
DA:8,22
DA:10,11
DA:11,11
DA:13,5
DA:16,5
DA:19,5
DA:20,0
DA:23,5
DA:27,5
DA:32,10
DA:34,10
DA:35,10
DA:38,10
DA:47,5
DA:49,2
DA:50,8
DA:51,2
DA:52,2
DA:58,0
DA:59,0
DA:60,0
DA:67,3
DA:68,6
DA:69,12
DA:70,6
DA:75,3
DA:76,9
DA:77,3
DA:78,6
DA:83,9
DA:84,6
DA:86,6
DA:91,5
DA:97,5
DA:98,5
DA:99,5
DA:100,8
DA:101,10
DA:105,0
DA:107,0
DA:108,0
DA:110,0
DA:111,0
DA:118,2
DA:119,4
DA:123,0
DA:124,0
DA:129,3
DA:130,3
DA:131,3
LF:50
LH:39
end_of_record
SF:/Users/admin/Documents/projects/flutterdata/flutter_data/lib/src/repository/hive_local_storage.dart
DA:9,12
DA:15,1
DA:28,12
DA:29,12
DA:31,12
DA:32,1
DA:52,48
DA:53,36
DA:55,12
DA:58,12
DA:61,24
DA:64,24
DA:65,24
DA:66,12
DA:67,36
DA:70,24
DA:72,36
DA:74,2
DA:76,1
DA:77,1
DA:84,1
DA:87,2
DA:88,2
DA:89,2
DA:92,2
DA:93,2
DA:94,2
DA:95,2
DA:100,0
DA:108,1
DA:109,1
DA:110,3
DA:112,1
DA:122,33
DA:123,55
DA:126,33
LF:36
LH:35
end_of_record
